[17-Jan-2014 10:23:31] PHP Warning:  Cannot modify header information - headers already sent by (output started at /var/www/membership/membership.rewards/admin/header.php:115) in /var/www/membership/membership.rewards/rsframework/include/core/URL.class.php on line 16
[17-Jan-2014 10:23:31] PHP Stack trace:
[17-Jan-2014 10:23:31] PHP   1. {main}() /var/www/membership/membership.rewards/admin/manualptcreation.php:0
[17-Jan-2014 10:23:31] PHP   2. include() /var/www/membership/membership.rewards/admin/manualptcreation.php:242
[17-Jan-2014 10:23:31] PHP   3. include() /var/www/membership/membership.rewards/admin/menu.php:7
[17-Jan-2014 10:23:31] PHP   4. URL::Redirect() /var/www/membership/membership.rewards/admin/sessionmanager.php:90
[17-Jan-2014 10:23:31] PHP   5. header() /var/www/membership/membership.rewards/rsframework/include/core/URL.class.php:16
[17-Jan-2014 10:23:31] PHP Notice:  Undefined variable: usermenu in /var/www/membership/membership.rewards/admin/menu.php on line 16
[17-Jan-2014 10:23:31] PHP Stack trace:
[17-Jan-2014 10:23:31] PHP   1. {main}() /var/www/membership/membership.rewards/admin/manualptcreation.php:0
[17-Jan-2014 10:23:31] PHP   2. include() /var/www/membership/membership.rewards/admin/manualptcreation.php:242
[17-Jan-2014 10:23:31] PHP Warning:  Invalid argument supplied for foreach() in /var/www/membership/membership.rewards/admin/menu.php on line 16
[17-Jan-2014 10:23:31] PHP Stack trace:
[17-Jan-2014 10:23:31] PHP   1. {main}() /var/www/membership/membership.rewards/admin/manualptcreation.php:0
[17-Jan-2014 10:23:31] PHP   2. include() /var/www/membership/membership.rewards/admin/manualptcreation.php:242
[17-Jan-2014 10:23:31] PHP Notice:  Undefined index: aID in /var/www/membership/membership.rewards/admin/menu.php on line 38
[17-Jan-2014 10:23:31] PHP Stack trace:
[17-Jan-2014 10:23:31] PHP   1. {main}() /var/www/membership/membership.rewards/admin/manualptcreation.php:0
[17-Jan-2014 10:23:31] PHP   2. include() /var/www/membership/membership.rewards/admin/manualptcreation.php:242
[17-Jan-2014 10:23:31] MySQL Error "You have an error in your SQL syntax; check the manual that corresponds to your MySQL server version for the right syntax to use near '' at line 1" File: /var/www/membership/membership.rewards/rsframework/include/datalayer/MySQLDatabase.php LINE: 147
[17-Jan-2014 10:23:31] PHP Warning:  Invalid argument supplied for foreach() in /var/www/membership/membership.rewards/admin/menu.php on line 40
[17-Jan-2014 10:23:31] PHP Stack trace:
[17-Jan-2014 10:23:31] PHP   1. {main}() /var/www/membership/membership.rewards/admin/manualptcreation.php:0
[17-Jan-2014 10:23:31] PHP   2. include() /var/www/membership/membership.rewards/admin/manualptcreation.php:242
[17-Jan-2014 10:23:31] PHP Notice:  Undefined variable: username in /var/www/membership/membership.rewards/admin/menu.php on line 43
[17-Jan-2014 10:23:31] PHP Stack trace:
[17-Jan-2014 10:23:31] PHP   1. {main}() /var/www/membership/membership.rewards/admin/manualptcreation.php:0
[17-Jan-2014 10:23:31] PHP   2. include() /var/www/membership/membership.rewards/admin/manualptcreation.php:242
[17-Jan-2014 10:23:31] PHP Notice:  Undefined variable: usermenu in /var/www/membership/membership.rewards/admin/menu.php on line 51
[17-Jan-2014 10:23:31] PHP Stack trace:
[17-Jan-2014 10:23:31] PHP   1. {main}() /var/www/membership/membership.rewards/admin/manualptcreation.php:0
[17-Jan-2014 10:23:31] PHP   2. include() /var/www/membership/membership.rewards/admin/manualptcreation.php:242
[17-Jan-2014 10:23:31] PHP Warning:  Invalid argument supplied for foreach() in /var/www/membership/membership.rewards/admin/menu.php on line 51
[17-Jan-2014 10:23:31] PHP Stack trace:
[17-Jan-2014 10:23:31] PHP   1. {main}() /var/www/membership/membership.rewards/admin/manualptcreation.php:0
[17-Jan-2014 10:23:31] PHP   2. include() /var/www/membership/membership.rewards/admin/manualptcreation.php:242
[17-Jan-2014 14:14:44] Error "Inactive Card: UB8KXXV8" File: /var/www/membership/membership.rewards/rsframework/include/Modules/Loyalty/classes/GetCardInfoAPI.class.php LINE: 78
[17-Jan-2014 14:16:14] PHP Notice:  Undefined variable: isSuccess in /var/www/membership/membership.rewards/tempmemberactivation.php on line 490
[17-Jan-2014 14:16:14] PHP Stack trace:
[17-Jan-2014 14:16:14] PHP   1. {main}() /var/www/membership/membership.rewards/tempmemberactivation.php:0
[17-Jan-2014 14:16:14] PHP Notice:  Undefined variable: error in /var/www/membership/membership.rewards/tempmemberactivation.php on line 493
[17-Jan-2014 14:16:14] PHP Stack trace:
[17-Jan-2014 14:16:14] PHP   1. {main}() /var/www/membership/membership.rewards/tempmemberactivation.php:0
[17-Jan-2014 14:17:37] Error "Inactive Card: UB8KXXV8" File: /var/www/membership/membership.rewards/rsframework/include/Modules/Loyalty/classes/GetCardInfoAPI.class.php LINE: 78
[17-Jan-2014 14:18:56] Error "Inactive Card: UB8KXXV8" File: /var/www/membership/membership.rewards/rsframework/include/Modules/Loyalty/classes/GetCardInfoAPI.class.php LINE: 78
[17-Jan-2014 14:22:21] PHP Notice:  Undefined variable: isSuccess in /var/www/membership/membership.rewards/tempmemberactivation.php on line 488
[17-Jan-2014 14:22:21] PHP Stack trace:
[17-Jan-2014 14:22:21] PHP   1. {main}() /var/www/membership/membership.rewards/tempmemberactivation.php:0
[17-Jan-2014 14:22:21] PHP Notice:  Undefined variable: error in /var/www/membership/membership.rewards/tempmemberactivation.php on line 491
[17-Jan-2014 14:22:21] PHP Stack trace:
[17-Jan-2014 14:22:21] PHP   1. {main}() /var/www/membership/membership.rewards/tempmemberactivation.php:0
[17-Jan-2014 14:22:32] Error "Inactive Card: UB8KXXV8" File: /var/www/membership/membership.rewards/rsframework/include/Modules/Loyalty/classes/GetCardInfoAPI.class.php LINE: 78
[17-Jan-2014 14:23:34] Error "Inactive Card: UB8KXXV8" File: /var/www/membership/membership.rewards/rsframework/include/Modules/Loyalty/classes/GetCardInfoAPI.class.php LINE: 78
[17-Jan-2014 14:23:34] Error "Inactive Card: UB8KXXV8" File: /var/www/membership/membership.rewards/rsframework/include/Modules/Loyalty/classes/GetCardInfoAPI.class.php LINE: 78
[17-Jan-2014 14:26:31] Error "Inactive Card: UB8KXXV8" File: /var/www/membership/membership.rewards/rsframework/include/Modules/Loyalty/classes/GetCardInfoAPI.class.php LINE: 78
[17-Jan-2014 14:26:34] Error "Values not submitted" File: /var/www/membership/membership.rewards/tempmemberactivation.php LINE: 307
[17-Jan-2014 14:31:31] Error "Inactive Card: UB6GT5LE" File: /var/www/membership/membership.rewards/rsframework/include/Modules/Loyalty/classes/GetCardInfoAPI.class.php LINE: 78
[17-Jan-2014 14:31:43] Error "Values not submitted" File: /var/www/membership/membership.rewards/tempmemberactivation.php LINE: 307
[17-Jan-2014 14:35:57] PHP Warning:  Missing argument 4 for GetCardInfoAPI::GetCardInfo(), called in /var/www/membership/membership.rewards/API/cardinquiry.php on line 202 and defined in /var/www/membership/membership.rewards/rsframework/include/Modules/Loyalty/classes/GetCardInfoAPI.class.php on line 21
[17-Jan-2014 14:35:57] PHP Stack trace:
[17-Jan-2014 14:35:57] PHP   1. {main}() /var/www/membership/membership.rewards/API/cardinquiry.php:0
[17-Jan-2014 14:35:57] PHP   2. GetCardInfoAPI->GetCardInfo() /var/www/membership/membership.rewards/API/cardinquiry.php:202
[17-Jan-2014 14:55:03] Error "Card Not Found[002]: UBKSAMYE" File: /var/www/membership/membership.rewards/API/cardinquiry.php LINE: 199
[17-Jan-2014 14:55:03] Error "Card Not Found[004]: UBKSAMYE" File: /var/www/membership/membership.rewards/rsframework/include/Modules/Loyalty/classes/GetCardInfoAPI.class.php LINE: 602
[17-Jan-2014 14:55:18] Error "Card Not Found[002]: UBEM97N7" File: /var/www/membership/membership.rewards/API/cardinquiry.php LINE: 199
[17-Jan-2014 14:55:18] Error "Card Not Found[004]: UBEM97N7" File: /var/www/membership/membership.rewards/rsframework/include/Modules/Loyalty/classes/GetCardInfoAPI.class.php LINE: 602
[17-Jan-2014 14:55:34] Error "Card Not Found[002]: UBWQCMGV" File: /var/www/membership/membership.rewards/API/cardinquiry.php LINE: 199
[17-Jan-2014 14:55:34] Error "Card Not Found[004]: UBWQCMGV" File: /var/www/membership/membership.rewards/rsframework/include/Modules/Loyalty/classes/GetCardInfoAPI.class.php LINE: 602
[17-Jan-2014 14:55:46] Error "Card Not Found[002]: UBLKYXEC" File: /var/www/membership/membership.rewards/API/cardinquiry.php LINE: 199
[17-Jan-2014 14:55:46] Error "Card Not Found[004]: UBLKYXEC" File: /var/www/membership/membership.rewards/rsframework/include/Modules/Loyalty/classes/GetCardInfoAPI.class.php LINE: 602
[17-Jan-2014 14:56:00] Error "Card Not Found[002]: UB38971677682963" File: /var/www/membership/membership.rewards/API/cardinquiry.php LINE: 199
[17-Jan-2014 14:56:00] Error "Card Not Found[004]: UB38971677682963" File: /var/www/membership/membership.rewards/rsframework/include/Modules/Loyalty/classes/GetCardInfoAPI.class.php LINE: 602
[17-Jan-2014 17:06:59] [REGISTRATION ERROR] Failed to send SMS: Invalid Mobile Number [MID: 249].
[17-Jan-2014 17:18:15] Error "Inactive Card: UBRAOLVZ" File: /var/www/membership/membership.rewards/rsframework/include/Modules/Loyalty/classes/GetCardInfoAPI.class.php LINE: 78
[17-Jan-2014 17:18:15] Error "Inactive Card: UBRAOLVZ" File: /var/www/membership/membership.rewards/rsframework/include/Modules/Loyalty/classes/GetCardInfoAPI.class.php LINE: 78
[17-Jan-2014 17:18:29] Error "Values not submitted" File: /var/www/membership/membership.rewards/tempmemberactivation.php LINE: 307
[17-Jan-2014 17:33:50] Error "Inactive Card: UBRAOLVZ" File: /var/www/membership/membership.rewards/rsframework/include/Modules/Loyalty/classes/GetCardInfoAPI.class.php LINE: 78
[17-Jan-2014 17:33:56] Error "Values not submitted" File: /var/www/membership/membership.rewards/tempmemberactivation.php LINE: 307
[17-Jan-2014 17:37:13] Error "Inactive Card: UB8KXXV8" File: /var/www/membership/membership.rewards/rsframework/include/Modules/Loyalty/classes/GetCardInfoAPI.class.php LINE: 78
[17-Jan-2014 17:37:18] Error "Values not submitted" File: /var/www/membership/membership.rewards/tempmemberactivation.php LINE: 307
[17-Jan-2014 17:37:34] MySQL Error "SQLSTATE[23000]: Integrity constraint violation: 1452 Cannot add or update a child row: a foreign key constraint fails (`loyaltydb`.`cards`, CONSTRAINT `FK_cards_ref_cardtypes_CardTypeID` FOREIGN KEY (`CardTypeID`) REFERENCES `ref_cardtypes` (`CardTypeID`))" File: /var/www/membership/membership.rewards/rsframework/include/core/BaseEntity.class.php LINE: 391
[17-Jan-2014 17:37:34] Error "Failed to update card status" File: /var/www/membership/membership.rewards/tempmemberactivation.php LINE: 290
[17-Jan-2014 17:38:53] [REGISTRATION ERROR] Failed to send SMS: Invalid Mobile Number [MID: 250].
[17-Jan-2014 17:39:44] Error "Inactive Card: UBQGUMX4" File: /var/www/membership/membership.rewards/rsframework/include/Modules/Loyalty/classes/GetCardInfoAPI.class.php LINE: 78
[17-Jan-2014 17:39:48] Error "Values not submitted" File: /var/www/membership/membership.rewards/tempmemberactivation.php LINE: 307
[17-Jan-2014 17:39:49] MySQL Error "SQLSTATE[23000]: Integrity constraint violation: 1452 Cannot add or update a child row: a foreign key constraint fails (`loyaltydb`.`cards`, CONSTRAINT `FK_cards_ref_cardtypes_CardTypeID` FOREIGN KEY (`CardTypeID`) REFERENCES `ref_cardtypes` (`CardTypeID`))" File: /var/www/membership/membership.rewards/rsframework/include/core/BaseEntity.class.php LINE: 391
[17-Jan-2014 17:39:49] Error "Failed to update card status" File: /var/www/membership/membership.rewards/tempmemberactivation.php LINE: 290
[17-Jan-2014 17:49:34] Error "Inactive Card: UBQGUMX4" File: /var/www/membership/membership.rewards/rsframework/include/Modules/Loyalty/classes/GetCardInfoAPI.class.php LINE: 78
[17-Jan-2014 17:49:37] Error "Values not submitted" File: /var/www/membership/membership.rewards/tempmemberactivation.php LINE: 307
[17-Jan-2014 17:49:38] MySQL Error "SQLSTATE[23000]: Integrity constraint violation: 1062 Duplicate entry '491' for key 'UK_membercards_CardID'" File: /var/www/membership/membership.rewards/rsframework/include/core/BaseEntity.class.php LINE: 88
[17-Jan-2014 17:49:38] Error "Failed to insert in membercards table" File: /var/www/membership/membership.rewards/tempmemberactivation.php LINE: 298
[17-Jan-2014 17:50:38] [REGISTRATION ERROR] Failed to send SMS: Invalid Mobile Number [MID: 251].
[17-Jan-2014 17:51:20] Error "Inactive Card: UBQGUMX4" File: /var/www/membership/membership.rewards/rsframework/include/Modules/Loyalty/classes/GetCardInfoAPI.class.php LINE: 78
[17-Jan-2014 17:51:24] Error "Values not submitted" File: /var/www/membership/membership.rewards/tempmemberactivation.php LINE: 307
[17-Jan-2014 17:51:25] MySQL Error "SQLSTATE[23000]: Integrity constraint violation: 1062 Duplicate entry '491' for key 'UK_membercards_CardID'" File: /var/www/membership/membership.rewards/rsframework/include/core/BaseEntity.class.php LINE: 88
[17-Jan-2014 17:51:25] Error "Failed to insert in membercards table" File: /var/www/membership/membership.rewards/tempmemberactivation.php LINE: 298
[17-Jan-2014 17:51:59] Error "Inactive Card: UBKSAMYE" File: /var/www/membership/membership.rewards/rsframework/include/Modules/Loyalty/classes/GetCardInfoAPI.class.php LINE: 78
[17-Jan-2014 17:52:02] Error "Values not submitted" File: /var/www/membership/membership.rewards/tempmemberactivation.php LINE: 307
[17-Jan-2014 17:52:05] MySQL Error "SQLSTATE[23000]: Integrity constraint violation: 1452 Cannot add or update a child row: a foreign key constraint fails (`loyaltydb`.`cards`, CONSTRAINT `FK_cards_ref_cardtypes_CardTypeID` FOREIGN KEY (`CardTypeID`) REFERENCES `ref_cardtypes` (`CardTypeID`))" File: /var/www/membership/membership.rewards/rsframework/include/core/BaseEntity.class.php LINE: 391
[17-Jan-2014 17:52:05] Error "Failed to update card status" File: /var/www/membership/membership.rewards/tempmemberactivation.php LINE: 290
[17-Jan-2014 17:55:02] Error "Inactive Card: UBX82PPH" File: /var/www/membership/membership.rewards/rsframework/include/Modules/Loyalty/classes/GetCardInfoAPI.class.php LINE: 78
[17-Jan-2014 17:55:20] Error "Values not submitted" File: /var/www/membership/membership.rewards/tempmemberactivation.php LINE: 307
[17-Jan-2014 17:56:25] Error "Inactive Card: UBX82PPH" File: /var/www/membership/membership.rewards/rsframework/include/Modules/Loyalty/classes/GetCardInfoAPI.class.php LINE: 78
[17-Jan-2014 17:56:35] Error "Values not submitted" File: /var/www/membership/membership.rewards/tempmemberactivation.php LINE: 307
[17-Jan-2014 17:56:36] MySQL Error "SQLSTATE[23000]: Integrity constraint violation: 1062 Duplicate entry '484' for key 'UK_membercards_CardID'" File: /var/www/membership/membership.rewards/rsframework/include/core/BaseEntity.class.php LINE: 88
[17-Jan-2014 17:56:36] Error "Failed to insert in membercards table" File: /var/www/membership/membership.rewards/tempmemberactivation.php LINE: 298
[17-Jan-2014 17:57:11] Error "Inactive Card: UBQGUMX4" File: /var/www/membership/membership.rewards/rsframework/include/Modules/Loyalty/classes/GetCardInfoAPI.class.php LINE: 78
[17-Jan-2014 17:57:19] Error "Values not submitted" File: /var/www/membership/membership.rewards/tempmemberactivation.php LINE: 307
[17-Jan-2014 17:57:20] MySQL Error "SQLSTATE[23000]: Integrity constraint violation: 1062 Duplicate entry '491' for key 'UK_membercards_CardID'" File: /var/www/membership/membership.rewards/rsframework/include/core/BaseEntity.class.php LINE: 88
[17-Jan-2014 17:57:20] Error "Failed to insert in membercards table" File: /var/www/membership/membership.rewards/tempmemberactivation.php LINE: 298
[17-Jan-2014 17:58:46] Error "Inactive Card: UBQGUMX4" File: /var/www/membership/membership.rewards/rsframework/include/Modules/Loyalty/classes/GetCardInfoAPI.class.php LINE: 78
[17-Jan-2014 17:58:53] Error "Values not submitted" File: /var/www/membership/membership.rewards/tempmemberactivation.php LINE: 307
[17-Jan-2014 17:58:55] MySQL Error "SQLSTATE[23000]: Integrity constraint violation: 1062 Duplicate entry '491' for key 'UK_membercards_CardID'" File: /var/www/membership/membership.rewards/rsframework/include/core/BaseEntity.class.php LINE: 88
[17-Jan-2014 17:58:55] Error "Failed to insert in membercards table" File: /var/www/membership/membership.rewards/tempmemberactivation.php LINE: 298
[17-Jan-2014 17:59:11] Error "Inactive Card: UBQGUMX4" File: /var/www/membership/membership.rewards/rsframework/include/Modules/Loyalty/classes/GetCardInfoAPI.class.php LINE: 78
[17-Jan-2014 17:59:17] Error "Values not submitted" File: /var/www/membership/membership.rewards/tempmemberactivation.php LINE: 307
[17-Jan-2014 17:59:18] MySQL Error "SQLSTATE[23000]: Integrity constraint violation: 1062 Duplicate entry '491' for key 'UK_membercards_CardID'" File: /var/www/membership/membership.rewards/rsframework/include/core/BaseEntity.class.php LINE: 88
[17-Jan-2014 17:59:18] Error "Failed to insert in membercards table" File: /var/www/membership/membership.rewards/tempmemberactivation.php LINE: 298
[17-Jan-2014 18:01:40] Error "Inactive Card: UBQGUMX4" File: /var/www/membership/membership.rewards/rsframework/include/Modules/Loyalty/classes/GetCardInfoAPI.class.php LINE: 78
[17-Jan-2014 18:01:40] Error "Inactive Card: UBQGUMX4" File: /var/www/membership/membership.rewards/rsframework/include/Modules/Loyalty/classes/GetCardInfoAPI.class.php LINE: 78
[17-Jan-2014 18:01:45] Error "Values not submitted" File: /var/www/membership/membership.rewards/tempmemberactivation.php LINE: 307
[17-Jan-2014 18:05:24] Error "Inactive Card: UBWQCMGV" File: /var/www/membership/membership.rewards/rsframework/include/Modules/Loyalty/classes/GetCardInfoAPI.class.php LINE: 78
[17-Jan-2014 18:05:30] Error "Values not submitted" File: /var/www/membership/membership.rewards/tempmemberactivation.php LINE: 307
[17-Jan-2014 18:34:46] [REGISTRATION ERROR] Failed to send SMS: Invalid Mobile Number [MID: 252].
[17-Jan-2014 18:35:34] Error "Inactive Card: UBSLVSQU" File: /var/www/membership/membership.rewards/rsframework/include/Modules/Loyalty/classes/GetCardInfoAPI.class.php LINE: 78
[17-Jan-2014 18:35:39] Error "Values not submitted" File: /var/www/membership/membership.rewards/tempmemberactivation.php LINE: 307
[17-Jan-2014 18:35:41] MySQL Error "SQLSTATE[42S22]: Column not found: 1054 Unknown column 'SiteID' in 'field list'" File: /var/www/membership/membership.rewards/rsframework/include/core/BaseEntity.class.php LINE: 184
[17-Jan-2014 18:35:41] Error "Failed to update card status" File: /var/www/membership/membership.rewards/tempmemberactivation.php LINE: 290
[17-Jan-2014 18:37:31] Error "Inactive Card: UBSLVSQU" File: /var/www/membership/membership.rewards/rsframework/include/Modules/Loyalty/classes/GetCardInfoAPI.class.php LINE: 78
[17-Jan-2014 18:37:40] Error "Values not submitted" File: /var/www/membership/membership.rewards/tempmemberactivation.php LINE: 307
[17-Jan-2014 18:37:41] MySQL Error "SQLSTATE[23000]: Integrity constraint violation: 1062 Duplicate entry '517' for key 'UK_membercards_CardID'" File: /var/www/membership/membership.rewards/rsframework/include/core/BaseEntity.class.php LINE: 88
[17-Jan-2014 18:37:41] Error "Failed to insert in membercards table" File: /var/www/membership/membership.rewards/tempmemberactivation.php LINE: 298
[17-Jan-2014 18:38:17] Error "Inactive Card: UBA36ZK5" File: /var/www/membership/membership.rewards/rsframework/include/Modules/Loyalty/classes/GetCardInfoAPI.class.php LINE: 78
[17-Jan-2014 18:38:23] Error "Values not submitted" File: /var/www/membership/membership.rewards/tempmemberactivation.php LINE: 307
